4027
194 0 199 1
188 2 199 2
198 3 199 8
198 28 199 33
198 34 199 39
197 40 199 43
199 46 199 57
188 58 199 58
198 59 199 64
196 69 199 71
198 88 199 93
199 97 199 108
197 109 199 112
196 113 199 115
199 116 199 127
198 140 199 145
199 146 199 157
196 158 199 160
199 161 199 172
198 174 199 179
198 180 199 185
197 186 199 189
197 192 199 195
196 196 199 198
196 199 199 201
197 202 199 205
196 206 199 208
196 209 199 211
198 212 199 217
198 231 199 236
197 237 199 240
198 241 199 246
194 247 199 248
195 18 198 20
196 23 198 26
195 44 198 46
197 47 198 52
196 53 198 56
197 94 198 99
195 100 198 102
195 103 198 105
193 107 198 108
197 131 198 136
193 138 198 139
196 153 198 156
187 157 198 157
193 161 198 162
196 163 198 166
197 167 198 172
194 190 199 191
192 3 197 4
186 5 197 5
196 6 197 11
192 21 197 22
195 32 197 35
195 36 197 39
196 59 197 64
186 72 197 72
196 81 197 86
194 87 197 89
195 90 197 93
187 106 198 106
196 117 197 122
186 123 197 123
196 124 197 129
186 130 197 130
187 137 198 137
192 140 197 141
195 142 197 145
194 177 197 179
195 181 197 184
186 185 197 185
192 212 197 213
186 220 197 220
194 222 197 224
186 225 197 225
194 226 197 228
192 229 197 230
196 231 197 236
196 241 197 246
195 47 196 52
195 94 196 99
193 109 196 111
195 131 196 136
195 167 196 172
186 180 197 180
191 187 196 188
185 189 196 189
191 192 196 193
191 194 196 195
193 237 196 239
185 240 196 240
193 6 195 9
190 10 195 11
192 23 195 25
193 53 195 56
194 60 195 65
192 69 195 71
194 77 195 82
190 83 195 84
184 86 195 86
192 113 195 115
194 117 195 122
192 126 195 128
184 129 195 129
193 153 195 156
184 158 195 158
185 186 196 186
193 205 195 208
190 209 195 210
184 211 195 211
194 231 195 236
194 241 195 246
183 18 194 18
183 29 194 29
193 32 194 37
189 38 194 39
193 44 194 49
191 50 194 52
184 59 195 59
192 90 194 93
192 100 194 103
183 104 194 104
184 125 195 125
193 131 194 136
192 142 194 145
189 149 194 150
190 159 195 160
193 166 194 171
183 172 194 172
192 181 194 184
189 218 194 219
186 221 197 221
188 0 193 1
191 12 193 15
189 19 194 20
190 60 193 62
190 63 193 65
182 82 193 82
188 87 193 88
188 117 193 118
191 119 193 122
184 124 195 124
189 151 194 152
182 163 193 163
182 179 193 179
191 197 193 200
182 222 193 222
188 223 193 224
190 226 193 228
192 231 193 236
190 241 193 243
182 244 193 244
191 245 193 248
190 6 192 9
187 16 192 17
183 30 194 30
190 45 192 48
189 66 192 68
182 89 193 89
181 99 192 99
191 131 192 136
187 138 192 139
190 153 192 156
181 161 192 161
181 162 192 162
189 167 192 169
187 170 192 171
181 196 192 196
191 202 192 207
190 214 192 217
187 238 192 239
181 49 192 49
189 74 191 77
189 90 191 93
180 100 191 100
186 101 191 102
180 103 191 103
186 113 191 114
180 115 191 115
188 126 191 128
190 140 191 145
180 146 191 146
186 147 191 148
189 181 191 184
180 212 191 212
180 213 191 213
190 231 191 236
187 12 190 14
179 28 190 28
185 36 190 37
185 41 190 42
179 43 190 43
187 50 190 52
180 73 191 73
185 78 190 79
185 80 190 81
183 105 194 105
187 119 190 121
179 122 190 122
189 131 190 136
185 174 190 175
187 176 190 178
185 187 190 188
187 192 190 194
179 195 190 195
188 197 190 200
189 202 190 207
181 237 192 237
179 245 190 245
188 6 189 11
178 48 189 48
184 60 189 61
187 62 189 65
184 83 189 84
186 96 189 98
188 140 189 145
178 153 189 153
184 154 189 155
178 156 189 156
184 159 189 160
186 164 189 166
180 201 191 201
184 209 189 210
187 214 189 217
186 226 189 228
188 231 189 236
184 241 189 242
178 243 189 243
183 19 188 20
177 38 188 38
177 39 188 39
177 68 188 68
186 90 188 93
185 107 188 109
185 131 188 133
185 134 188 136
183 149 188 150
183 151 188 152
177 167 188 167
183 168 188 169
185 181 188 183
182 190 193 190
177 202 188 202
183 218 188 219
176 0 187 0
185 6 187 9
182 10 187 11
179 15 190 15
186 21 187 26
182 87 187 88
176 95 187 95
182 117 187 118
184 126 187 128
184 140 187 142
176 143 187 143
176 144 187 144
176 145 187 145
182 223 187 224
182 231 187 232
181 12 186 13
175 14 186 14
181 16 186 17
176 27 187 27
181 34 186 35
181 50 186 51
175 57 186 57
181 62 186 63
175 77 186 77
175 116 186 116
183 119 186 121
175 139 186 139
175 157 186 157
181 170 186 171
181 176 186 177
175 178 186 178
181 193 186 194
181 214 186 215
181 216 186 217
181 238 186 239
184 246 186 249
175 1 186 1
180 2 185 3
180 4 185 5
184 21 185 26
174 33 185 33
180 46 185 47
183 90 185 93
182 96 185 98
180 101 185 102
175 106 186 106
180 113 185 114
180 147 185 148
182 164 185 166
174 180 185 180
183 225 185 228
182 6 184 9
179 36 184 37
179 41 184 42
179 64 184 65
179 74 184 75
181 78 184 80
173 112 184 112
181 130 184 132
182 133 184 136
179 174 184 175
179 181 184 182
182 186 184 189
174 230 185 230
173 240 184 240
180 22 183 24
172 25 183 25
172 26 183 26
178 59 183 60
172 61 183 61
173 81 184 81
181 124 183 127
178 140 183 141
178 154 183 155
172 158 183 158
178 159 183 160
172 204 183 204
178 210 183 211
172 229 183 229
178 241 183 242
180 246 183 248
172 249 183 249
179 19 182 21
177 29 182 30
173 40 184 40
177 54 182 55
171 56 182 56
177 66 182 67
180 90 182 93
171 104 182 104
171 119 182 119
171 120 182 120
180 149 182 152
171 172 182 172
171 199 182 199
171 218 182 218
171 219 182 219
179 225 182 227
171 228 182 228
179 7 181 10
170 11 181 11
173 45 184 45
173 52 184 52
170 82 181 82
176 87 181 88
170 98 181 98
176 117 181 118
172 142 183 142
179 163 181 166
177 168 182 169
178 186 181 188
176 189 181 190
176 231 181 232
175 12 180 13
175 34 180 35
169 44 180 44
177 49 180 51
175 62 180 63
177 78 180 80
177 108 180 110
177 124 180 126
177 130 180 132
175 161 180 162
175 170 180 171
169 176 180 176
169 177 180 177
170 179 181 179
175 193 180 194
169 196 180 196
178 214 180 217
169 235 180 235
177 237 180 239
175 16 180 17
176 22 179 24
174 46 179 47
168 73 179 73
177 100 179 103
176 113 179 115
169 127 180 127
177 146 179 149
176 150 179 152
174 212 179 213
176 220 179 222
170 244 181 244
176 246 179 248
175 7 178 9
167 10 178 10
173 19 178 20
167 21 178 21
173 36 178 37
173 41 178 42
167 43 178 43
169 53 180 53
173 74 178 75
167 90 178 90
176 163 178 166
167 182 178 182
167 195 178 195
167 227 178 227
167 28 178 28
166 48 177 48
166 59 177 59
166 60 177 60
166 83 177 83
166 129 177 129
172 140 177 141
175 153 177 156
172 159 177 160
172 197 177 198
174 214 177 216
166 217 177 217
174 241 177 243
171 29 176 30
171 49 176 50
165 54 176 54
165 55 176 55
165 66 176 66
171 67 176 68
165 80 176 80
166 94 177 94
171 100 176 101
171 102 176 103
173 108 176 110
173 124 176 126
165 128 176 128
171 130 176 131
174 146 176 149
171 167 176 168
173 237 176 239
172 22 175 24
164 88 175 88
172 91 175 93
164 95 175 95
172 113 175 115
170 117 175 118
174 132 175 137
172 143 175 145
164 150 175 150
170 151 175 152
173 163 175 166
164 188 175 188
170 202 175 203
166 211 177 211
174 220 175 225
164 236 175 236
164 248 175 248
163 0 174 0
163 1 174 1
171 12 174 14
163 62 174 62
163 139 174 139
169 153 174 154
171 155 174 157
169 161 174 162
171 169 174 171
163 184 174 184
169 193 174 194
169 205 174 206
164 247 175 247
170 31 173 33
163 63 174 63
163 116 174 116
168 122 173 123
171 132 173 135
168 136 173 137
171 146 173 149
171 212 173 215
162 216 173 216
172 220 173 225
162 230 173 230
168 241 173 242
167 36 172 37
165 79 176 79
161 81 172 81
161 112 172 112
169 124 172 126
169 163 172 165
163 178 174 178
170 237 172 240
162 243 173 243
160 64 171 64
166 91 171 92
160 93 171 93
160 111 171 111
168 113 171 115
169 140 171 143
166 144 171 145
160 158 171 158
160 204 171 204
170 220 171 225
160 249 171 249
161 5 172 5
159 12 170 12
159 56 170 56
160 61 171 61
165 67 170 68
169 100 170 105
165 120 170 121
169 130 170 135
168 146 170 149
167 155 170 157
169 167 170 172
168 212 170 215
165 218 170 219
159 3 170 3
158 6 169 6
164 31 169 32
159 49 170 49
161 65 172 65
166 117 169 119
164 202 169 203
168 220 169 225
164 231 169 232
164 237 169 238
164 239 169 240
157 18 168 18
165 33 168 35
163 74 168 75
167 96 168 101
163 125 168 126
165 131 168 133
157 140 168 140
163 141 168 142
163 153 168 154
166 167 168 170
165 171 168 173
165 174 168 176
166 191 168 194
163 234 168 235
162 8 167 9
157 44 168 44
156 73 167 73
162 85 167 86
164 113 167 115
164 122 167 124
162 136 167 137
162 146 167 147
156 148 167 148
156 149 167 149
165 212 167 215
165 220 167 223
162 241 167 242
161 19 166 20
155 21 166 21
155 43 166 43
165 96 166 101
163 134 168 135
157 143 168 143
163 155 166 157
164 160 166 163
157 177 168 177
161 181 166 182
157 196 168 196
161 36 166 37
161 46 166 47
160 59 165 60
160 83 165 84
154 91 165 91
154 94 165 94
160 118 165 119
157 127 168 127
160 144 165 145
160 164 165 165
163 167 165 170
158 179 169 179
155 195 166 195
154 197 165 197
163 205 165 208
160 210 165 211
155 10 166 10
153 13 164 13
153 14 164 14
154 15 165 15
159 29 164 30
161 33 164 35
159 54 164 55
161 66 164 68
161 96 164 98
163 99 164 104
159 120 164 121
159 131 164 132
153 133 164 133
159 172 164 173
159 174 164 175
153 176 164 176
162 212 164 215
161 218 164 220
161 221 164 223
158 31 163 32
158 87 163 88
154 92 165 92
152 95 163 95
160 122 163 124
158 150 163 151
161 160 163 163
158 202 163 203
158 231 163 232
161 236 163 239
152 240 163 240
158 246 163 247
152 248 163 248
151 0 162 0
151 7 162 7
157 16 162 17
151 58 162 58
161 99 162 104
157 125 162 126
157 134 162 135
157 141 162 142
161 152 162 157
160 167 162 170
157 191 162 192
157 193 162 194
159 205 162 207
156 8 161 9
156 22 161 23
159 39 161 42
151 74 162 74
156 136 161 137
156 146 161 147
151 208 162 208
158 212 161 214
156 215 161 216
157 234 162 235
158 241 161 243
155 24 160 25
155 26 160 27
149 45 160 45
155 46 160 47
158 65 160 68
155 70 160 71
156 85 161 86
159 96 160 101
155 102 160 103
149 112 160 112
149 116 160 116
157 152 160 154
157 155 160 157
158 160 160 163
157 181 160 183
158 218 160 221
157 236 160 238
149 239 160 239
148 59 159 59
148 64 159 64
154 113 159 114
148 115 159 115
154 118 159 119
156 122 159 124
148 144 159 144
154 164 159 165
148 204 159 204
154 210 159 211
148 249 159 249
153 2 158 3
153 29 158 30
156 38 158 41
147 42 158 42
153 55 158 56
148 72 159 72
148 77 159 77
153 78 158 79
157 96 158 101
153 120 158 121
147 131 158 131
148 158 159 158
156 172 158 175
155 205 158 207
152 11 157 12
148 60 159 60
146 65 157 65
152 66 157 67
154 87 157 89
147 132 158 132
155 160 157 163
152 212 157 213
155 218 157 221
152 228 157 229
145 44 156 44
151 62 156 63
155 96 156 101
153 125 156 127
151 134 156 135
153 141 156 143
153 152 156 154
145 183 156 183
151 188 156 189
153 192 156 194
145 196 156 196
150 8 155 9
150 22 155 23
153 38 155 41
144 53 155 53
150 85 155 86
144 123 155 123
145 130 156 130
152 136 155 138
145 140 156 140
148 145 159 145
153 146 155 149
152 172 155 174
144 175 155 175
145 191 156 191
144 209 155 209
150 214 155 215
150 223 155 224
143 21 154 21
143 24 154 24
151 25 154 27
153 31 154 36
143 43 154 43
149 46 154 47
149 70 154 71
152 160 154 163
143 195 154 195
151 205 154 207
143 20 154 20
143 52 154 52
142 84 153 84
142 94 153 94
149 102 154 103
151 107 153 110
148 113 153 114
148 118 153 119
144 122 155 122
148 164 153 165
151 179 153 182
148 210 153 211
144 216 155 216
148 217 153 218
151 234 153 237
147 2 152 3
143 10 154 10
147 13 152 14
151 28 152 33
141 34 152 34
147 38 152 39
147 40 152 41
149 78 152 80
142 83 153 83
149 97 152 99
147 120 152 121
144 124 155 124
149 141 152 143
142 187 153 187
149 192 152 194
146 11 151 12
146 66 151 67
146 95 151 96
148 136 151 138
148 149 151 151
148 160 151 162
146 171 151 172
146 173 151 174
146 202 151 203
140 240 151 240
139 0 150 0
139 1 150 1
139 7 150 7
139 16 150 16
139 25 150 25
148 26 150 29
145 30 150 31
145 32 150 33
139 58 150 58
145 62 150 63
148 107 150 110
145 181 150 182
145 189 150 190
140 212 151 212
148 234 150 237
149 241 150 246
138 8 149 8
138 22 149 22
138 23 149 23
138 85 149 85
146 168 149 170
138 200 149 200
144 214 149 215
144 223 149 224
138 9 149 9
145 45 148 47
143 70 148 71
145 74 150 75
145 97 148 99
137 126 148 126
138 139 149 139
137 143 148 143
145 146 148 148
145 192 148 194
145 241 148 243
145 17 148 19
142 26 147 27
142 28 147 29
142 59 147 60
136 64 147 64
136 72 147 72
138 86 149 86
146 106 147 111
136 113 147 113
142 114 147 115
142 118 147 119
136 136 147 136
142 137 147 138
142 144 147 145
142 150 147 151
144 160 147 162
141 176 152 176
139 188 150 188
142 210 147 211
136 218 147 218
136 222 147 222
142 226 147 227
135 3 146 3
143 54 146 56
135 87 146 87
141 88 146 89
141 120 146 121
141 131 146 132
136 149 147 149
137 152 148 152
141 158 146 159
141 179 146 180
141 197 146 198
136 217 147 217
135 38 146 38
135 57 146 57
143 65 145 68
140 95 145 96
144 100 145 105
144 106 145 111
136 127 147 127
142 172 145 174
140 202 145 203
134 228 145 228
137 239 148 239
140 247 145 248
134 6 145 6
133 17 144 17
133 30 144 30
141 31 144 33
142 44 144 47
139 49 144 50
134 61 145 61
133 62 144 62
133 63 144 63
142 78 144 81
133 82 144 82
141 92 146 93
139 97 144 98
135 116 146 116
141 128 144 130
141 146 144 148
139 177 144 178
141 181 144 183
143 189 144 194
141 206 144 208
139 219 144 220
134 229 145 229
141 241 144 243
135 2 146 2
139 18 144 19
140 39 143 41
138 73 143 74
142 100 143 105
142 106 143 111
138 134 143 135
133 157 144 157
138 160 143 161
132 175 143 175
132 199 143 199
140 223 143 225
138 244 143 245
131 4 142 4
131 24 142 24
131 55 142 55
137 70 142 71
133 99 144 99
141 189 142 194
131 195 142 195
132 209 143 209
132 216 143 216
131 10 142 10
131 20 142 20
130 54 141 54
131 56 142 56
136 59 141 60
131 68 142 68
139 78 141 81
130 94 141 94
140 100 141 105
130 117 141 117
130 118 141 118
130 119 141 119
130 137 141 137
130 138 141 138
136 141 141 142
136 144 141 145
136 150 141 151
138 172 141 174
136 210 141 211
137 13 140 15
138 31 140 34
136 51 141 52
135 88 140 89
137 91 140 93
129 120 140 120
129 124 140 124
139 128 140 133
137 146 140 148
137 153 140 155
135 158 140 159
132 162 143 162
135 189 140 190
137 192 140 194
130 201 141 201
137 206 140 208
136 226 141 227
128 28 139 28
134 39 139 40
134 95 139 96
134 100 139 101
137 102 139 105
129 121 140 121
138 163 139 168
129 179 140 179
129 180 140 180
134 202 139 203
136 223 139 225
137 234 139 237
133 0 138 1
129 5 140 5
127 7 138 7
127 19 138 19
133 49 138 50
136 78 138 81
127 90 138 90
133 97 138 98
136 107 138 110
137 128 138 133
133 169 138 170
133 177 138 178
127 188 138 188
126 8 137 8
127 25 138 25
135 31 137 34
127 58 138 58
132 134 137 135
126 139 137 139
132 160 137 161
134 165 137 167
134 172 137 174
129 191 140 191
134 230 137 232
132 244 137 245
132 22 137 23
133 42 136 44
133 69 136 71
133 91 136 93
125 102 136 102
133 103 136 105
132 122 137 123
131 125 136 126
133 128 136 130
133 131 136 133
133 146 136 148
134 152 136 155
133 181 136 183
133 192 136 194
133 206 136 208
134 213 137 215
134 233 136 236
125 239 136 239
131 242 136 243
130 26 135 27
130 51 135 52
130 59 135 60
130 66 135 67
133 107 135 110
124 115 135 115
124 136 135 136
130 141 135 142
124 149 135 149
124 150 135 150
124 151 135 151
126 200 137 200
130 210 135 211
130 217 135 218
132 222 135 224
130 225 135 226
124 227 135 227
129 2 134 3
123 38 134 38
131 45 134 47
123 57 134 57
131 87 134 89
129 113 134 114
124 127 135 127
124 144 135 144
129 158 134 159
129 189 134 190
128 39 133 40
128 95 133 96
128 100 133 101
128 152 133 153
128 154 133 155
131 171 133 174
130 202 133 204
130 213 133 215
132 228 133 233
130 234 133 236
122 248 133 248
122 6 133 6
121 30 132 30
122 35 133 35
127 49 132 50
127 62 132 63
131 77 132 82
129 91 132 93
129 97 132 99
121 103 132 103
130 107 132 110
129 131 132 133
121 140 132 140
129 146 132 148
121 157 132 157
129 181 132 183
121 192 132 192
129 206 132 208
129 31 131 34
120 36 131 36
121 104 132 104
126 122 131 123
129 128 132 130
120 134 131 134
120 216 131 216
126 222 131 223
120 224 131 224
130 228 131 233
125 237 136 237
120 238 131 238
127 20 130 22
125 55 130 56
119 68 130 68
129 77 130 82
125 87 130 88
119 125 130 125
119 126 130 126
120 135 131 135
119 156 130 156
120 209 131 209
125 242 130 243
119 4 130 4
128 10 129 15
118 26 129 26
118 27 129 27
124 47 129 48
118 51 129 51
118 59 129 59
118 60 129 60
124 66 129 67
118 94 129 94
126 117 129 119
124 137 129 138
126 164 129 166
118 167 129 167
124 186 129 187
126 202 129 204
124 210 129 211
124 213 129 214
118 215 129 215
118 220 129 220
124 225 129 226
128 231 129 236
123 2 128 3
117 5 128 5
122 61 133 61
126 78 128 81
123 82 128 83
125 97 128 99
123 113 128 114
123 120 128 121
125 128 128 130
123 131 128 132
117 133 128 133
117 148 128 148
127 158 128 163
126 179 128 182
123 183 128 184
125 189 128 191
125 206 128 208
124 217 129 218
124 228 129 229
118 230 129 230
121 0 132 0
116 28 127 28
122 39 127 40
122 95 127 96
117 124 128 124
125 152 127 155
116 171 127 171
124 172 127 174
126 231 127 236
115 7 126 7
121 18 126 19
121 20 126 21
121 41 126 42
121 49 126 50
115 62 126 62
121 76 126 77
116 101 127 101
124 158 126 161
121 162 126 163
117 185 128 185
115 205 126 205
122 8 125 10
123 11 125 14
114 15 125 15
114 43 125 43
120 79 125 80
122 164 125 166
122 180 125 182
115 188 126 188
121 193 126 194
122 202 125 204
114 221 125 221
120 222 125 223
124 231 125 236
120 244 125 245
119 33 124 34
114 81 125 81
113 85 124 85
119 86 124 87
113 88 124 88
113 112 124 112
122 117 125 119
119 122 124 123
119 129 124 130
121 152 124 154
113 155 124 155
114 179 125 179
119 189 124 190
121 206 124 208
112 47 123 47
118 66 123 67
118 127 123 128
120 136 123 138
120 149 123 151
112 158 123 158
118 159 123 160
120 172 123 174
118 186 123 187
113 191 124 191
112 214 123 214
112 217 123 217
112 218 123 218
120 225 123 227
118 228 123 229
122 231 123 236
119 12 122 14
115 22 126 22
117 37 122 38
112 97 123 97
117 115 122 116
111 120 122 120
117 146 122 147
117 183 122 184
115 197 126 197
111 200 122 200
110 6 121 6
110 8 121 8
116 9 121 10
110 35 121 35
116 39 121 40
112 72 123 72
116 95 121 96
113 102 124 102
113 109 124 109
117 113 122 114
118 117 121 119
117 131 122 132
110 145 121 145
118 164 121 166
116 180 121 181
118 202 121 204
112 213 123 213
120 231 121 236
115 20 120 21
115 49 120 50
110 57 121 57
115 69 120 70
109 77 120 77
109 103 120 103
109 104 120 104
115 110 120 111
118 141 120 144
117 152 120 154
109 157 120 157
110 182 121 182
111 198 122 198
117 206 120 208
108 36 119 36
115 41 120 42
108 80 119 80
108 140 119 140
114 177 119 178
109 192 120 192
108 216 119 216
118 222 119 227
118 231 119 236
107 4 118 4
113 33 118 34
107 68 118 68
113 86 118 87
113 125 118 126
113 129 118 130
116 149 119 151
107 189 118 189
107 190 118 190
114 51 117 53
112 54 117 55
112 66 117 67
112 91 117 92
114 117 117 119
112 127 117 128
115 141 117 144
112 159 117 160
112 186 117 187
112 203 117 204
117 222 117 233
112 234 117 235
106 236 117 236
106 246 117 246
113 1 116 3
111 37 116 38
113 82 116 84
111 113 116 114
111 115 116 116
105 124 116 124
113 131 116 133
112 201 117 202
113 206 116 208
115 222 116 227
115 228 116 233
112 242 117 243
110 9 115 10
110 39 115 40
104 96 115 96
104 101 115 101
110 180 115 181
113 183 116 185
104 195 115 195
104 212 115 212
104 247 115 247
104 5 115 5
112 17 114 20
109 41 114 42
109 70 114 71
103 95 114 95
103 108 114 108
111 141 114 143
103 188 114 188
109 193 114 194
109 196 114 197
106 215 117 215
113 222 114 227
104 248 115 248
102 31 113 31
102 32 113 32
110 51 113 53
103 69 114 69
108 73 113 74
109 110 114 111
103 144 114 144
102 164 113 164
110 177 113 179
103 205 114 205
102 245 113 245
109 1 112 3
107 24 112 25
107 33 112 34
101 65 112 65
110 82 112 85
110 86 112 89
104 93 115 93
101 112 112 112
107 125 112 126
101 131 112 131
107 132 112 133
101 137 112 137
107 151 112 152
101 153 112 153
110 171 112 174
107 183 112 184
101 191 112 191
110 222 112 225
107 232 112 233
107 239 112 240
102 244 113 244
101 23 112 23
106 26 111 27
100 55 111 55
106 66 111 67
100 72 111 72
108 90 111 92
100 149 111 149
100 150 111 150
100 158 111 158
108 159 111 161
106 186 111 187
109 206 112 208
106 213 111 214
106 234 111 235
100 242 111 242
100 243 111 243
105 37 110 38
100 54 111 54
105 121 110 122
107 141 110 143
106 230 111 231
107 237 112 238
100 241 111 241
98 6 109 6
104 9 109 10
104 12 109 13
98 35 109 35
104 39 109 40
106 51 109 53
105 59 110 60
101 78 112 78
108 82 109 87
98 88 109 88
98 89 109 89
98 128 109 128
106 171 109 173
108 177 109 182
99 198 110 198
98 200 109 200
104 210 109 211
104 222 109 223
104 224 109 225
98 226 109 226
106 227 109 229
106 0 108 3
103 63 108 64
97 70 108 70
105 105 108 107
97 145 108 145
97 170 108 170
97 174 108 174
105 192 108 194
103 196 108 197
105 201 108 203
97 204 108 204
105 206 108 208
102 73 107 74
103 76 108 77
102 82 107 83
96 84 107 84
102 85 107 86
96 87 107 87
102 90 107 91
96 103 107 103
96 160 107 160
104 161 107 163
104 177 107 179
96 180 107 180
102 181 107 182
96 209 107 209
95 4 106 4
96 8 107 8
101 24 106 25
99 29 110 29
101 33 106 34
103 45 106 47
97 104 108 104
101 125 106 126
95 129 106 129
101 132 106 133
103 134 106 136
103 141 106 143
101 146 106 147
101 151 106 152
102 165 113 165
101 232 106 233
101 237 106 238
103 0 105 3
102 51 105 53
100 66 105 67
97 71 108 71
94 94 105 94
95 110 106 110
104 113 105 118
100 167 105 168
102 171 105 173
96 199 107 199
104 213 105 218
102 227 105 229
100 234 105 235
94 246 105 246
99 37 104 38
101 105 104 107
95 130 106 130
95 148 106 148
96 159 107 159
101 192 104 194
101 201 104 203
101 206 104 208
100 230 105 231
98 9 103 10
92 96 103 96
100 99 103 101
98 117 103 118
93 124 104 124
93 138 104 138
100 161 103 163
92 195 103 195
98 210 103 211
102 213 103 218
92 240 103 240
98 247 103 248
99 0 102 2
91 3 102 3
92 5 103 5
91 7 102 7
97 46 102 47
97 134 102 135
99 142 102 144
91 156 102 156
92 179 103 179
91 197 102 197
96 31 101 32
96 50 101 51
96 52 101 53
96 73 101 74
96 82 101 83
90 85 101 85
90 90 101 90
90 91 101 91
91 136 102 136
90 139 101 139
90 140 101 140
90 141 101 141
96 181 101 182
91 196 102 196
90 213 101 213
99 214 101 217
90 218 101 218
98 227 101 229
96 244 101 245
95 18 100 19
95 20 100 21
97 23 100 25
89 78 100 78
89 102 100 102
97 105 100 107
89 123 100 123
95 125 100 126
89 131 100 131
95 132 100 133
95 146 100 147
95 151 100 152
95 153 100 154
95 175 100 176
99 188 100 193
95 206 100 207
89 208 100 208
97 220 100 222
89 232 100 232
89 233 100 233
95 237 100 238
96 12 99 14
88 17 99 17
94 26 99 27
95 33 100 34
94 66 99 67
88 72 99 72
88 75 99 75
97 98 99 101
89 137 100 137
88 149 99 149
88 150 99 150
96 161 99 163
88 186 99 186
88 187 99 187
88 230 99 230
96 241 99 243
93 1 98 2
93 48 98 49
95 58 98 60
88 97 99 97
93 120 98 121
93 143 98 144
95 188 98 190
95 191 98 193
89 201 100 201
96 214 98 217
88 231 99 231
86 6 97 6
86 9 97 9
92 10 97 11
92 88 97 89
89 109 100 109
96 112 97 117
92 118 97 119
87 142 98 142
88 158 99 158
92 177 97 178
92 210 97 211
92 223 97 224
95 226 97 229
94 22 96 25
91 29 96 30
94 38 97 40
91 46 96 47
85 64 96 64
91 70 96 71
94 98 96 101
85 111 96 111
91 134 96 135
87 155 98 155
85 157 96 157
91 173 96 174
87 198 98 198
91 220 96 221
85 222 96 222
90 31 95 32
92 61 95 63
90 73 95 74
90 82 95 83
84 103 95 103
86 128 97 128
85 145 96 145
93 159 95 162
84 165 95 165
92 180 95 182
92 214 95 216
84 217 95 217
92 241 95 243
92 18 94 21
83 34 94 34
84 50 95 50
91 58 94 60
84 84 95 84
89 129 94 130
89 132 94 133
91 151 94 153
83 175 94 175
83 206 94 206
83 207 94 207
84 209 95 209
92 226 94 229
83 4 94 4
84 8 95 8
92 22 93 27
90 38 93 40
82 77 93 77
88 79 93 80
91 98 93 101
83 110 94 110
91 112 93 115
90 167 93 169
83 176 94 176
87 0 98 0
87 1 92 2
87 48 92 49
81 122 92 122
81 124 92 124
81 138 92 138
87 143 92 144
90 188 92 191
86 10 91 11
88 18 91 20
86 21 91 22
88 23 91 25
86 26 91 27
86 51 91 52
88 61 91 63
80 96 91 96
80 172 91 172
89 177 91 180
86 181 91 182
86 214 91 215
86 223 91 224
89 226 91 229
86 235 91 236
89 240 91 243
87 28 90 30
88 43 90 46
87 58 90 60
86 88 91 89
88 98 90 101
85 107 90 108
87 112 90 114
87 134 90 136
79 151 90 151
85 152 90 153
85 173 90 174
88 202 90 205
80 216 91 216
85 220 90 221
86 54 89 56
78 73 89 73
78 74 89 74
79 115 90 115
78 139 89 139
78 164 89 164
86 167 89 169
86 188 89 190
78 191 89 191
84 212 89 213
78 239 89 239
84 244 89 245
86 65 88 68
77 78 88 78
84 90 89 91
77 109 88 109
77 123 88 123
86 129 88 132
86 146 89 148
83 159 88 160
77 166 88 166
83 177 88 178
83 179 88 180
83 184 88 185
77 208 88 208
77 225 88 225
85 226 88 228
77 229 88 229
83 232 88 233
85 240 88 242
84 18 87 20
84 23 87 25
86 41 87 46
79 53 90 53
84 61 87 63
76 72 87 72
82 80 87 81
85 97 87 100
77 133 88 133
77 137 88 137
82 149 87 150
82 186 87 187
82 201 87 202
82 203 87 204
76 205 87 205
82 230 87 231
76 17 87 17
81 58 86 59
75 60 86 60
76 79 87 79
76 101 87 101
83 125 86 127
83 134 86 136
75 144 86 144
76 158 87 158
74 26 85 26
75 30 86 30
84 39 85 44
80 45 85 46
75 48 86 48
83 54 85 57
83 67 85 70
80 88 85 89
83 129 85 132
82 167 85 169
80 181 85 182
82 188 85 190
80 210 85 211
80 214 85 215
80 37 85 38
73 64 84 64
81 93 84 95
82 97 84 100
81 106 84 108
74 128 85 128
79 152 84 153
73 173 84 173
73 174 84 174
82 193 84 196
81 226 84 228
79 237 84 238
81 240 84 242
79 247 84 248
72 6 83 6
72 24 83 24
74 27 85 27
72 39 83 39
80 61 83 63
72 84 83 84
72 87 83 87
72 90 83 90
78 91 83 92
73 197 84 197
78 212 83 213
74 224 85 224
71 4 82 4
71 36 82 36
77 54 82 55
77 56 82 57
77 126 82 127
80 129 82 132
77 134 82 135
77 140 82 141
77 159 82 160
72 165 83 165
80 177 82 180
77 206 82 207
71 219 82 219
77 232 82 233
78 8 81 10
76 11 81 12
78 32 81 34
76 80 81 81
70 97 81 97
76 98 81 99
70 114 81 114
76 116 81 117
70 167 81 167
76 168 81 169
77 175 82 176
79 186 81 189
70 190 81 190
78 201 81 203
70 204 81 204
76 230 81 231
75 0 80 1
69 50 80 50
69 58 80 58
77 93 80 95
77 106 80 108
75 124 80 125
75 142 80 143
75 192 80 193
78 221 81 223
77 226 80 228
70 234 81 234
77 240 80 242
69 249 80 249
74 18 79 19
74 37 79 38
68 51 79 51
68 52 79 52
76 61 79 63
68 88 79 88
68 96 79 96
76 130 79 132
74 177 79 178
74 195 79 196
74 210 79 211
67 3 78 3
67 53 78 53
68 89 79 89
70 100 81 100
68 105 79 105
67 113 78 113
67 115 78 115
69 122 80 122
75 151 78 153
74 171 79 172
73 186 78 187
73 188 78 189
67 236 78 236
73 247 78 248
74 8 77 10
72 14 77 15
72 31 77 32
72 33 77 34
66 73 77 73
66 74 77 74
72 91 77 92
68 104 79 104
67 148 78 148
66 162 77 162
72 163 77 164
74 212 77 214
66 218 77 218
74 221 77 223
66 237 77 237
72 244 77 245
74 54 76 57
65 85 76 85
71 93 76 94
74 106 76 109
65 123 76 123
73 139 76 141
71 159 76 160
65 161 76 161
65 175 76 175
65 176 76 176
66 191 77 191
68 199 79 199
73 206 76 208
71 225 76 226
73 227 76 229
65 233 76 233
64 11 75 11
64 12 75 12
64 72 75 72
64 75 75 75
64 86 75 86
70 98 75 99
70 101 75 102
72 110 75 112
70 116 75 117
72 130 75 132
64 135 75 135
64 137 75 137
70 149 75 150
70 168 75 169
70 179 75 180
64 181 75 181
64 205 75 205
72 230 75 232
69 0 74 1
69 48 74 49
69 68 74 69
69 124 74 125
63 142 74 142
69 143 74 144
71 151 74 153
71 182 74 184
63 185 74 185
69 192 74 193
63 198 74 198
70 8 73 10
68 18 73 19
71 27 73 30
62 35 73 35
68 37 73 38
70 54 73 56
68 65 73 66
62 67 73 67
71 106 73 109
68 177 73 178
68 195 73 196
62 200 73 200
68 213 73 214
71 221 73 224
61 64 72 64
63 71 74 71
65 95 76 95
62 118 73 118
69 139 72 141
67 145 72 146
67 172 72 173
61 174 72 174
69 186 72 188
61 197 72 197
67 206 72 207
67 227 72 228
61 229 72 229
61 247 72 247
68 22 71 24
68 39 71 41
69 60 71 63
62 81 73 81
60 87 71 87
68 90 71 92
66 110 71 111
66 130 71 131
68 163 71 165
61 189 72 189
66 202 71 203
61 208 72 208
68 230 71 232
66 244 71 245
61 248 72 248
65 28 70 29
65 45 70 46
62 57 73 57
65 93 70 94
59 106 70 106
65 107 70 108
59 109 70 109
60 132 71 132
68 151 70 154
65 159 70 160
65 182 70 183
59 184 70 184
59 219 70 219
67 224 70 226
68 239 70 242
58 2 69 2
58 8 69 8
64 9 69 10
60 25 71 25
59 30 70 30
64 55 69 56
65 70 76 70
68 97 69 102
60 112 71 112
58 114 69 114
65 133 70 134
58 190 69 190
58 194 69 194
58 204 69 204
64 209 69 210
58 234 69 234
63 0 68 1
59 36 70 36
66 58 68 61
63 62 68 63
57 68 68 68
57 69 68 69
58 79 69 79
58 80 69 80
57 125 68 125
59 136 70 136
57 138 68 138
63 139 68 140
57 141 68 141
64 179 69 180
65 186 68 188
63 192 68 193
64 211 69 212
57 249 68 249
56 27 67 27
64 37 67 39
62 50 67 51
56 52 67 52
62 89 67 90
66 96 67 101
56 102 67 102
62 104 67 105
56 129 67 129
63 143 68 144
56 177 67 177
62 195 67 196
62 230 67 231
56 232 67 232
65 239 67 242
56 246 67 246
55 3 66 3
56 24 67 24
62 40 67 41
62 65 67 66
55 113 66 113
61 119 66 120
55 145 66 145
63 146 66 148
61 172 66 173
55 199 66 199
61 206 66 207
65 220 66 225
61 227 66 228
63 19 65 22
56 43 67 43
62 58 65 60
54 61 65 61
60 73 65 74
56 91 67 91
60 100 65 101
54 110 65 110
60 130 65 131
63 167 65 170
56 178 67 178
54 218 65 218
55 226 66 226
60 244 65 245
59 28 64 29
55 33 66 33
61 44 64 46
53 70 64 70
59 77 64 78
56 88 67 88
61 93 64 95
59 107 64 108
53 111 64 111
59 133 64 134
61 150 64 152
59 175 64 176
59 182 64 183
59 186 64 187
61 220 64 222
61 223 64 225
63 236 64 241
53 242 64 242
61 9 63 12
60 37 63 39
52 72 63 72
52 75 63 75
54 115 65 115
52 137 63 137
52 158 63 158
60 179 63 181
53 188 64 188
60 209 63 211
52 212 63 212
51 0 62 0
59 5 62 7
60 19 62 22
57 48 62 49
57 62 62 63
51 71 62 71
51 96 62 96
57 139 62 140
51 142 62 142
51 144 62 144
59 146 62 148
60 167 62 170
51 198 62 198
57 236 62 237
51 1 62 1
50 16 61 16
56 40 61 41
59 57 61 60
58 65 61 67
56 89 61 90
50 99 61 99
56 104 61 105
58 159 61 161
50 171 61 171
52 205 63 205
56 213 61 214
50 231 61 231
58 9 60 12
55 44 60 45
57 93 60 95
49 120 60 120
49 157 60 157
57 162 60 164
55 165 60 166
49 197 60 197
58 220 60 223
55 224 60 225
55 227 60 228
57 19 59 22
50 35 61 35
54 37 59 38
48 39 59 39
48 73 59 73
48 74 59 74
48 112 59 112
56 130 59 132
51 143 62 143
57 167 59 170
56 179 59 181
51 192 62 192
48 201 59 201
48 202 59 202
57 206 60 208
56 209 59 211
54 215 59 216
48 217 59 217
54 244 59 245
56 4 58 7
55 13 58 15
53 28 58 29
47 34 58 34
53 57 58 58
53 59 58 60
53 77 58 78
48 85 59 85
54 100 59 101
55 106 58 108
47 109 58 109
53 133 58 134
55 146 58 148
53 151 58 152
53 153 58 154
53 155 58 156
53 175 58 176
53 182 58 183
53 186 58 187
48 203 59 203
47 219 58 219
46 2 57 2
52 11 57 12
52 17 57 18
47 36 58 36
54 65 57 67
52 79 57 80
46 114 57 114
54 159 57 161
55 220 57 223
45 62 56 62
51 94 56 95
54 138 56 141
53 162 56 164
54 167 56 170
45 234 56 234
50 31 55 32
50 40 55 41
54 88 55 93
44 104 55 104
44 105 55 105
53 129 55 132
53 177 55 180
45 194 56 194
44 195 55 195
50 213 55 214
49 13 54 14
51 43 54 45
51 82 54 84
51 106 54 108
51 146 54 148
49 165 54 166
43 173 54 173
44 196 55 196
43 199 54 199
53 220 54 225
49 226 54 227
43 228 54 228
43 3 54 3
43 15 54 15
44 24 55 24
48 37 53 38
45 63 56 63
51 89 53 92
48 100 53 101
42 127 53 127
42 145 53 145
50 159 53 161
51 167 53 170
42 172 53 172
48 190 53 191
48 215 53 216
42 218 53 218
48 244 53 245
41 28 52 28
49 48 52 50
50 53 52 56
50 57 52 60
42 61 53 61
41 65 52 65
42 93 53 93
51 128 52 133
41 134 52 134
50 151 52 154
49 162 52 164
51 175 52 180
41 182 52 182
49 220 52 222
41 223 52 223
41 224 52 224
41 225 52 225
44 232 55 232
41 233 52 233
41 242 52 242
40 4 51 4
40 5 51 5
46 11 51 12
46 17 51 18
40 72 51 72
40 79 51 79
47 155 52 156
41 183 52 183
48 210 51 212
42 240 53 240
45 0 50 1
48 6 50 9
40 80 51 80
47 82 50 84
40 86 51 86
47 89 50 91
45 107 50 108
49 128 50 133
39 135 50 135
45 137 50 138
47 139 50 141
45 142 50 143
47 146 50 148
40 158 51 158
48 167 50 170
47 176 50 178
45 179 50 180
45 192 50 193
39 241 50 241
38 16 49 16
48 54 49 59
38 60 49 60
39 71 50 71
38 76 49 76
44 98 49 99
39 144 50 144
46 159 49 161
44 213 49 214
43 13 48 14
37 21 48 21
44 40 49 41
45 48 48 50
38 53 49 53
37 64 48 64
45 116 50 117
47 128 48 133
46 163 48 166
43 174 48 175
43 206 48 207
37 208 48 208
45 220 48 222
43 226 48 227
39 238 50 238
42 6 47 7
36 23 47 23
38 45 49 45
46 54 47 59
36 73 47 73
36 74 47 74
39 92 50 92
44 94 47 96
36 97 47 97
42 100 47 101
36 209 47 209
44 210 47 212
44 215 47 217
42 244 47 245
41 36 46 37
36 46 47 46
35 77 46 77
35 78 46 78
43 82 46 84
39 106 50 106
35 109 46 109
43 121 46 123
35 128 46 128
41 129 46 130
43 131 46 133
35 156 46 156
35 219 46 219
35 229 46 229
40 11 45 12
34 42 45 42
43 54 45 57
40 58 45 59
40 159 45 160
42 163 45 165
37 197 48 197
39 243 50 243
35 247 46 247
39 43 44 44
41 48 44 50
39 62 44 63
33 103 44 103
39 107 44 108
41 116 44 118
41 192 44 194
41 220 44 222
33 234 44 234
40 8 43 10
32 27 43 27
38 94 43 95
38 98 43 99
32 102 43 102
32 105 43 105
38 119 43 120
38 180 43 181
41 188 43 191
38 195 43 196
41 201 43 204
38 231 43 232
37 13 42 14
37 32 42 33
40 54 42 57
32 96 43 96
32 104 43 104
39 121 42 123
39 131 42 133
37 146 42 147
31 206 42 206
37 226 42 227
37 248 42 249
36 6 41 7
36 24 41 25
36 38 41 39
30 52 41 52
38 66 41 68
30 89 41 89
30 93 41 93
36 164 41 165
32 217 43 217
31 235 42 235
36 244 41 245
30 26 41 26
37 48 40 50
29 51 40 51
29 65 40 65
29 88 40 88
35 90 40 91
29 116 40 116
35 117 40 118
36 126 41 127
35 129 40 130
29 134 40 134
29 182 40 182
29 183 40 183
29 194 40 194
38 201 40 204
29 211 40 211
37 220 40 222
37 223 40 225
29 233 40 233
29 242 40 242
37 8 39 11
28 12 39 12
29 29 40 29
28 47 39 47
38 54 39 59
30 61 41 61
34 79 39 80
36 100 41 101
34 148 39 149
37 150 39 153
37 212 39 215
28 216 39 216
28 0 39 0
33 43 38 44
33 62 38 63
27 71 38 71
27 92 38 92
27 106 38 106
33 107 38 108
27 122 38 122
27 123 38 123
27 131 38 131
33 132 38 133
33 178 38 179
37 187 38 192
27 193 38 193
26 45 37 45
36 53 37 58
32 59 37 60
26 66 37 66
26 67 37 67
28 75 39 75
26 76 37 76
35 81 37 84
32 94 37 95
34 119 37 121
27 124 38 124
32 171 37 172
32 180 37 181
35 200 37 203
32 231 37 232
27 241 38 241
25 8 36 8
33 9 36 11
25 32 36 32
31 48 36 49
25 139 36 139
25 140 36 140
31 146 36 147
34 150 36 153
34 189 36 192
26 196 37 196
31 212 36 213
31 214 36 215
35 220 36 225
25 226 36 226
27 243 38 243
31 248 36 249
32 21 35 23
30 24 35 25
24 38 35 38
30 53 35 54
32 55 35 57
30 126 35 127
24 164 35 164
24 165 35 165
25 13 36 13
32 34 34 37
24 58 35 58
25 64 36 64
29 77 34 78
32 81 34 84
23 87 34 87
24 97 35 97
30 100 35 101
29 117 34 118
29 128 34 129
23 130 34 130
25 197 36 197
23 203 34 203
33 219 34 224
23 225 34 225
30 4 33 6
22 42 33 42
22 79 33 79
23 111 34 111
30 119 33 121
22 136 33 136
31 148 33 151
28 152 33 153
30 159 33 161
28 189 33 190
27 1 32 2
29 9 32 11
27 17 32 18
21 62 32 62
29 90 34 91
21 125 32 125
29 154 32 156
27 178 32 179
31 219 32 224
28 21 31 23
21 43 32 43
28 55 31 57
26 59 31 60
26 94 31 95
20 99 31 99
26 104 31 105
20 138 31 138
26 171 31 172
26 180 31 181
26 184 31 185
22 192 33 192
20 232 31 232
20 236 31 236
20 237 31 237
19 48 30 48
19 49 30 49
20 96 31 96
19 98 30 98
25 150 30 151
22 191 33 191
27 200 30 202
25 206 30 207
19 212 30 212
27 213 30 215
20 217 31 217
19 235 30 235
24 4 29 5
27 24 29 27
18 61 29 61
24 85 29 86
18 89 29 89
24 100 29 101
18 112 29 112
24 119 29 120
18 121 29 121
24 239 29 240
25 248 30 249
23 9 28 10
17 11 28 11
17 20 28 20
23 35 28 36
17 37 28 37
17 65 28 65
23 69 28 70
23 73 28 74
23 77 28 78
24 81 29 82
17 88 28 88
23 90 28 91
20 108 31 108
23 109 28 110
26 115 28 118
24 126 29 127
23 128 28 129
20 141 31 141
25 154 28 156
23 167 28 168
23 173 28 174
23 182 28 183
26 218 28 221
23 222 28 223
16 12 27 12
22 21 27 22
16 23 27 23
22 55 27 56
16 153 27 153
22 159 27 160
22 189 27 190
21 0 26 1
15 34 26 34
16 57 27 57
16 75 27 75
23 122 26 124
24 131 26 134
21 178 26 179
23 186 26 188
21 193 26 194
23 200 26 202
16 205 27 205
23 213 26 215
16 216 27 216
15 241 26 241
14 19 25 19
22 51 25 53
14 59 25 59
14 60 25 60
20 66 25 67
22 104 25 106
23 115 25 118
20 142 25 143
20 171 25 172
14 185 25 185
20 195 25 196
23 218 25 221
20 230 25 231
23 243 25 246
19 32 24 33
13 50 24 50
13 64 24 64
13 68 24 68
14 84 25 84
13 140 24 140
22 154 24 157
13 158 24 158
20 180 25 181
19 206 24 207
15 2 26 2
20 24 23 26
18 38 23 39
12 40 23 40
12 81 23 81
12 97 23 97
18 126 23 127
21 131 23 134
14 184 25 184
18 239 23 240
19 248 24 249
17 9 22 10
17 35 22 36
14 54 25 54
12 58 23 58
17 69 22 70
17 73 22 74
17 77 22 78
11 82 22 82
18 85 23 86
11 87 22 87
17 90 22 91
17 122 22 123
11 124 22 124
19 128 22 130
11 168 22 168
17 173 22 174
17 182 22 183
19 186 22 188
11 211 22 211
19 213 22 215
19 218 22 220
19 221 22 223
17 243 22 244
17 245 22 246
16 21 21 22
10 42 21 42
16 51 21 52
16 55 21 56
16 79 21 80
16 144 21 145
18 154 21 156
10 157 21 157
16 189 21 190
15 0 20 1
9 30 20 30
9 43 20 43
18 131 20 134
10 204 21 204
11 210 22 210
9 234 20 234
9 247 20 247
18 24 19 29
14 62 19 63
14 66 19 67
8 108 19 108
16 115 19 117
16 141 19 143
12 170 23 170
8 230 19 230
8 232 19 232
14 236 19 237
7 14 18 14
15 31 18 33
7 96 18 96
7 118 18 118
15 128 18 130
16 198 18 201
7 202 18 202
13 206 18 207
15 212 18 214
15 226 18 228
13 248 18 249
12 3 17 4
6 5 17 5
16 24 17 29
12 38 17 39
13 48 18 49
12 85 17 86
14 99 17 101
12 104 17 105
15 109 17 112
12 119 17 120
6 121 17 121
12 126 17 127
15 131 17 134
12 150 17 151
14 154 17 156
15 161 17 164
12 165 17 166
13 9 16 11
5 20 16 20
11 77 16 78
5 88 16 88
5 90 16 90
5 91 16 91
11 122 16 123
13 173 16 175
11 182 16 183
11 242 16 243
5 244 16 244
11 245 16 246
14 21 15 26
12 27 15 29
10 51 15 52
10 55 15 56
4 57 15 57
5 65 16 65
10 79 15 80
12 115 15 117
10 152 15 153
4 191 15 191
13 198 15 201
4 205 15 205
11 0 14 2
4 12 15 12
11 31 14 33
8 72 19 72
12 109 14 112
12 128 14 131
12 132 14 135
9 161 14 162
3 208 14 208
9 212 14 213
9 227 14 228
8 231 19 231
4 233 15 233
11 22 13 25
8 59 13 60
8 66 13 67
10 99 13 101
8 154 13 155
9 163 14 164
10 8 12 11
7 35 12 36
7 94 12 95
7 140 12 141
10 142 12 145
2 184 13 184
10 198 12 201
7 206 12 207
10 218 12 221
9 222 12 224
7 248 12 249
6 3 11 4
6 27 11 28
0 29 11 29
9 37 11 40
0 58 11 58
6 85 11 86
9 109 11 112
10 126 11 131
6 132 11 133
6 134 11 135
6 165 11 166
6 238 11 239
7 0 10 2
7 23 10 25
7 31 10 33
7 192 10 194
5 210 10 211
0 240 11 240
5 242 10 243
5 245 10 246
4 10 9 11
4 55 9 56
4 203 9 204
5 48 8 50
3 92 8 93
0 103 11 103
6 109 8 112
6 161 8 164
7 178 8 183
3 212 8 213
6 222 8 225
3 43 8 44
2 59 7 60
5 125 7 128
4 230 7 232
3 0 6 2
3 23 6 25
3 122 6 124
1 159 6 160
3 172 6 174
4 178 6 181
0 38 5 39
0 40 5 41
0 100 5 101
3 118 5 121
0 131 5 132
0 140 5 141
4 161 5 166
2 88 4 91
2 125 4 128
0 210 4 211
0 238 5 239
0 55 3 57
0 104 3 106
2 161 3 166
0 23 2 25
0 43 2 46
0 108 2 111
0 118 2 121
0 122 2 124
0 212 2 215
0 235 2 237
0 5 1 10
0 59 1 63
0 125 1 130
0 78 3 80
0 92 2 95
0 142 9 142
0 161 1 166
1 167 4 169
0 171 2 174
1 178 3 181
1 182 6 183
1 230 3 233
0 234 8 234
1 248 6 249
2 7 3 12
0 11 0 21
0 22 10 22
2 26 13 26
0 27 5 28
2 54 13 54
0 69 1 74
0 87 10 87
0 149 0 160
1 175 12 175
0 191 0 198
2 200 3 205
0 199 1 204
0 209 11 209
0 218 3 220
0 0 2 3
3 3 5 6
0 30 8 30
3 31 6 33
0 32 1 37
3 48 4 53
0 50 2 53
0 83 1 86
3 94 6 96
0 97 11 97
0 112 2 115
1 148 1 157
2 185 13 185
0 184 1 189
3 186 8 187
1 206 6 207
3 227 8 228
0 223 1 228
0 229 10 229
3 241 14 241
0 241 1 246
2 21 13 21
0 135 2 138
3 148 5 151
4 152 9 153
2 154 7 155
2 176 7 177
4 188 9 189
0 190 9 190
1 192 6 193
5 16 10 17
2 19 13 19
2 66 7 67
2 70 4 73
4 79 9 80
5 104 10 105
3 109 5 112
4 199 6 202
2 221 5 223
3 226 14 226
2 242 4 245
0 247 8 247
1 14 4 16
1 75 4 77
0 139 11 139
1 143 4 145
6 143 9 145
6 169 17 169
5 167 10 168
1 197 12 197
1 216 12 216
6 6 17 6
1 13 12 13
6 15 17 15
2 35 5 37
3 34 14 34
6 37 8 40
2 61 5 63
6 61 17 61
1 64 12 64
2 84 5 86
0 98 5 99
7 98 18 98
6 99 9 101
3 113 5 116
6 115 11 116
0 117 11 117
6 119 11 120
3 133 5 136
3 137 14 137
1 146 6 147
6 150 11 151
2 194 5 196
7 198 9 201
3 214 14 214
4 217 6 220
4 8 9 9
8 41 19 41
0 42 9 42
8 62 13 63
5 73 10 74
8 75 13 76
5 77 10 78
6 113 17 113
2 129 7 130
8 171 19 171
0 170 11 170
8 172 19 172
7 173 12 174
7 218 9 221
3 235 6 237
7 235 18 235
9 7 20 7
5 69 7 72
2 82 7 83
3 107 7 108
9 125 20 125
7 122 10 124
8 126 9 131
2 156 13 156
7 160 18 160
3 45 8 46
9 48 12 50
5 51 8 53
10 53 21 53
0 81 11 81
1 158 12 158
9 178 10 183
11 69 16 70
1 68 12 68
8 83 13 84
7 146 9 149
9 225 20 225
6 106 17 106
12 147 23 147
10 146 21 146
10 148 15 149
3 18 14 18
13 35 16 37
1 102 12 102
11 178 13 181
13 238 24 238
8 236 13 237
12 239 17 240
13 95 24 95
9 186 14 187
10 189 15 190
11 192 14 194
7 195 12 196
14 195 19 196
15 17 20 18
11 16 22 16
2 47 13 47
11 45 16 46
11 73 16 74
14 76 25 76
15 178 20 179
14 180 19 181
15 186 18 188
13 218 18 219
13 221 15 224
9 92 14 93
7 136 18 136
13 142 15 145
16 191 21 192
15 193 20 194
7 215 18 215
8 217 19 217
15 92 26 92
16 220 18 223
9 44 20 44
5 89 16 89
18 93 29 93
14 94 25 94
19 3 30 3
18 4 23 5
18 100 23 101
19 109 22 111
16 148 21 149
19 150 24 151
16 152 27 152
13 102 18 103
18 104 21 106
18 119 23 120
15 135 26 135
7 138 18 138
13 139 24 139
18 164 23 165
19 200 22 202
21 63 32 63
8 71 19 71
21 103 32 103
19 102 30 102
8 107 19 107
8 114 19 114
21 114 32 114
18 113 29 113
20 115 22 118
10 159 21 159
21 166 32 166
11 167 22 167
8 176 19 176
13 197 24 197
20 27 23 29
19 31 30 31
18 137 29 137
18 6 29 6
13 8 24 8
17 175 28 175
10 203 21 203
17 224 28 224
11 229 22 229
13 13 24 13
21 17 26 18
14 83 25 83
24 162 35 162
18 163 29 163
13 177 24 177
25 14 36 14
18 15 29 15
20 41 31 41
18 45 23 46
22 144 25 146
22 148 27 149
12 209 23 209
19 226 24 227
23 228 28 229
24 24 26 27
25 28 28 30
24 39 35 39
21 44 32 44
26 142 27 147
23 210 28 211
27 40 38 40
27 208 32 209
15 208 26 208
17 242 28 242
26 244 29 246
15 47 26 47
24 46 35 46
21 71 26 72
27 132 32 133
26 195 37 195
29 34 31 37
25 33 36 33
25 50 36 50
26 52 29 54
28 146 30 149
18 161 29 161
16 233 27 233
21 234 32 234
29 70 40 70
28 142 31 144
25 157 30 158
30 218 41 218
29 219 30 224
25 227 36 227
25 16 36 16
29 28 40 28
26 83 31 84
18 169 29 169
25 238 36 238
26 68 37 68
22 80 33 80
32 98 37 99
27 186 30 188
32 184 35 186
31 187 36 188
26 230 31 231
30 240 41 240
30 244 35 245
21 107 32 107
29 109 34 110
20 176 31 176
29 173 32 175
20 199 31 199
33 198 38 199
21 198 32 198
31 200 34 202
31 228 42 228
34 2 45 2
31 3 42 3
33 17 44 17
26 19 37 19
30 112 35 113
30 115 41 115
29 167 34 168
24 170 35 170
32 230 43 230
21 247 32 247
24 7 35 7
27 135 38 135
31 137 42 137
33 154 38 155
35 167 38 169
22 204 33 204
32 246 43 246
34 4 39 5
35 36 40 37
29 73 34 74
28 72 39 72
36 141 38 144
32 141 35 143
30 145 41 145
25 177 36 177
31 207 42 207
29 210 40 210
36 22 47 22
30 85 35 86
37 162 48 162
34 161 45 161
30 163 41 163
37 175 40 177
33 173 36 175
31 15 42 15
38 35 49 35
35 34 46 34
36 112 47 112
37 113 42 114
31 157 36 158
28 205 39 205
38 81 49 81
39 82 42 84
34 159 39 160
32 237 43 237
33 239 44 239
29 20 40 20
32 41 43 41
36 85 47 85
37 157 48 157
40 184 42 187
36 184 39 186
39 188 40 193
41 19 46 20
34 18 45 18
39 142 44 143
41 210 43 213
40 214 43 216
35 110 40 111
42 110 53 110
41 111 52 111
37 139 42 140
38 171 49 171
37 173 42 174
39 198 50 198
30 30 41 30
41 51 52 51
42 66 47 67
32 69 43 69
41 90 46 91
33 125 44 125
43 139 46 141
40 148 41 153
41 176 46 177
38 200 49 200
42 25 47 26
44 31 49 32
32 31 43 31
43 33 54 33
42 38 47 39
33 138 44 138
42 149 44 152
39 154 44 155
44 167 47 169
34 166 45 166
39 167 42 169
36 170 47 170
44 235 55 235
33 236 44 236
33 1 44 1
44 68 49 69
45 118 48 120
35 136 46 136
39 178 44 179
44 181 55 181
40 205 51 205
46 30 57 30
41 29 52 29
41 88 52 88
44 102 55 102
43 113 54 113
43 146 46 148
45 150 46 155
43 184 45 187
46 204 57 204
44 201 47 203
47 103 58 103
46 185 48 188
35 87 46 87
48 87 59 87
47 122 52 123
47 151 49 154
48 229 59 229
44 230 49 231
44 246 55 246
43 248 48 249
44 8 47 10
49 26 60 26
48 25 59 25
44 27 55 27
40 47 51 47
49 150 60 150
46 149 57 149
44 189 47 191
49 247 60 247
50 118 61 118
49 119 60 119
47 184 58 184
51 7 53 10
45 43 50 44
49 46 60 46
48 66 53 67
51 68 56 69
41 70 52 70
51 76 62 76
40 75 51 75
47 77 52 78
51 97 56 98
48 94 50 97
49 174 60 174
51 185 62 185
49 186 52 188
42 115 53 115
39 124 50 124
52 135 63 135
47 136 58 136
51 138 53 141
47 19 52 20
48 22 53 23
45 125 56 125
49 206 51 209
53 206 56 208
52 209 55 211
53 54 56 56
49 64 60 64
52 4 55 6
42 52 53 52
55 126 60 127
43 126 54 126
53 128 64 128
55 172 60 173
54 8 57 10
54 23 65 23
53 48 55 51
51 241 62 241
53 19 56 21
52 47 63 47
56 50 61 51
56 92 67 92
44 237 55 237
45 236 56 236
51 238 62 238
57 239 62 240
45 239 56 239
49 248 60 248
57 55 62 56
50 81 61 81
53 122 56 124
49 189 60 189
54 191 65 191
51 193 62 193
56 195 61 196
53 233 64 233
56 31 61 32
59 82 70 82
47 42 58 42
61 83 64 85
55 83 60 84
52 86 63 86
48 121 59 121
50 200 61 200
60 215 65 216
50 230 61 230
59 151 60 156
62 159 64 162
60 202 65 203
63 13 65 16
59 13 62 15
63 96 65 99
57 97 62 98
61 153 64 155
63 201 74 201
51 117 62 117
64 116 69 117
52 116 63 116
57 122 68 122
57 124 68 124
51 243 62 243
58 17 63 18
61 163 63 166
65 166 76 166
63 76 74 76
61 126 66 127
64 163 67 165
56 235 67 235
54 53 65 53
58 54 69 54
67 126 70 128
60 217 71 217
67 238 78 238
59 4 70 4
63 5 66 7
62 31 67 32
59 34 70 34
63 121 74 121
65 150 67 153
65 155 76 155
61 156 66 157
68 215 79 215
62 213 67 214
67 216 78 216
68 220 79 220
67 221 70 223
69 16 80 16
66 14 71 15
64 17 75 17
66 18 67 23
63 48 68 49
69 120 80 120
68 119 79 119
66 167 69 169
58 149 69 149
68 5 79 5
61 26 72 26
60 42 71 42
62 171 73 171
70 210 73 212
67 7 78 7
68 20 79 20
68 31 71 33
65 44 76 44
65 83 70 84
71 82 76 83
59 103 70 103
72 23 83 23
73 157 84 157
64 158 75 158
69 21 80 21
72 25 83 25
69 59 80 59
71 126 76 127
68 129 79 129
74 146 85 146
73 145 84 145
72 61 75 63
70 79 75 80
69 77 74 78
63 243 74 243
71 241 76 242
72 41 75 43
64 47 75 47
71 133 76 134
71 136 82 136
69 138 80 138
72 202 77 203
72 40 83 40
78 41 83 42
75 67 78 69
78 83 89 83
76 86 87 86
71 154 82 154
71 239 76 240
66 13 77 13
75 71 86 71
67 156 78 156
77 161 88 161
75 182 77 185
76 179 79 181
78 183 81 185
73 45 78 46
77 43 82 44
79 47 90 47
74 65 79 66
76 110 79 112
67 147 78 147
80 147 85 148
76 149 81 150
78 163 89 163
72 217 83 217
80 235 85 236
68 235 79 235
78 14 83 15
74 28 79 29
81 28 86 29
74 200 85 200
68 246 79 246
78 244 83 245
79 68 82 70
75 76 80 77
80 119 91 119
70 194 81 194
82 220 84 223
70 2 81 2
81 13 92 13
81 18 83 21
74 35 85 35
80 65 85 66
76 75 87 75
80 110 82 113
70 170 81 170
81 0 86 1
82 9 85 11
75 49 86 49
80 51 85 52
71 103 82 103
77 102 88 102
74 118 85 118
84 140 89 141
81 142 86 143
84 199 95 199
75 198 86 198
71 209 82 209
80 5 91 5
79 7 90 7
83 112 86 114
85 170 96 170
80 171 91 171
85 219 96 219
78 218 89 218
79 3 90 3
74 22 85 22
86 104 89 106
80 104 85 105
86 117 91 118
83 154 94 154
86 247 97 247
81 246 92 246
81 249 92 249
81 16 92 16
87 37 98 37
83 36 94 36
86 38 89 40
87 69 90 71
87 120 92 121
75 121 86 121
79 156 90 156
78 31 89 31
78 82 89 82
78 85 89 85
89 125 94 126
87 127 98 127
86 200 97 200
76 243 87 243
90 15 101 15
83 33 94 33
90 86 101 86
84 87 95 87
84 92 95 92
89 185 100 185
85 193 88 195
91 146 94 148
85 196 90 197
85 237 90 238
92 51 95 53
90 54 93 56
85 94 90 95
92 212 103 212
86 210 91 211
88 41 93 42
91 45 102 45
90 104 93 106
91 108 102 108
80 162 91 162
89 159 92 161
90 163 95 164
93 188 94 193
81 192 92 192
89 194 100 194
84 14 95 14
91 95 102 95
94 104 96 107
94 112 95 117
82 116 93 116
94 234 99 235
82 234 93 234
94 236 105 236
91 237 94 239
90 244 95 245
95 56 106 56
94 54 99 55
86 57 97 57
90 66 93 68
95 68 106 68
91 69 102 69
89 81 100 81
95 169 106 169
94 167 99 168
82 183 93 183
86 248 97 248
84 12 95 12
96 36 107 36
86 35 97 35
96 76 101 77
84 76 95 76
94 79 105 79
91 202 94 204
96 249 107 249
95 202 100 203
91 205 102 205
91 28 102 28
94 41 96 44
97 44 108 44
98 171 101 173
92 171 97 172
97 30 108 30
100 61 102 64
96 61 99 63
89 65 100 65
89 225 100 225
100 97 111 97
101 113 103 116
98 112 100 115
101 222 103 225
101 17 103 20
101 21 106 22
97 41 100 43
99 59 104 60
102 81 113 81
96 80 107 80
89 166 100 166
102 166 113 166
96 164 101 165
98 177 103 178
93 16 104 16
98 39 103 40
103 41 108 42
102 43 113 43
99 48 104 49
103 58 114 58
98 57 109 57
100 75 111 75
93 122 104 122
102 139 107 140
103 176 114 176
100 186 105 187
101 189 106 190
100 12 103 14
100 26 105 27
91 93 102 93
96 92 107 92
102 221 113 221
99 120 110 120
105 220 116 220
97 219 108 219
95 239 106 239
104 17 106 20
93 184 104 184
104 14 109 15
107 79 118 79
99 155 110 155
97 157 108 157
107 168 112 169
95 183 106 183
101 185 112 185
101 98 112 98
97 111 108 111
108 134 119 134
107 135 112 136
106 217 111 218
107 16 108 21
101 102 112 102
101 109 112 109
106 113 107 118
108 113 110 116
108 138 113 139
103 7 114 7
105 48 110 49
103 61 108 62
109 62 114 63
110 117 113 119
98 119 109 119
101 175 112 175
98 11 109 11
109 16 111 19
104 100 115 100
108 199 119 199
109 201 111 204
110 211 121 211
109 21 114 22
107 45 110 47
111 59 116 60
106 99 117 99
101 123 112 123
100 127 111 127
107 129 112 130
107 146 110 148
111 146 116 147
107 156 118 156
108 209 119 209
110 12 112 15
109 44 120 44
111 48 122 48
113 75 124 75
109 76 120 76
113 122 118 123
111 121 122 121
101 154 112 154
110 226 112 229
113 228 114 233
112 26 117 27
104 28 115 28
114 168 125 168
106 167 117 167
114 240 125 240
112 241 123 241
115 25 126 25
113 23 118 24
103 50 114 50
112 161 123 161
108 162 113 163
115 162 120 163
114 164 117 166
113 172 115 175
111 11 122 11
115 18 120 19
106 94 117 94
109 106 114 107
115 107 120 108
113 135 116 137
112 148 115 150
113 152 116 154
117 17 128 17
117 93 128 93
109 105 120 105
117 135 119 138
109 170 120 170
117 195 128 195
115 193 120 194
115 196 126 196
113 239 124 239
117 2 122 3
113 13 118 14
110 61 121 61
117 82 122 83
116 172 119 174
109 219 120 219
109 0 120 0
112 29 117 30
112 45 117 46
119 45 124 46
119 55 124 56
107 56 118 56
119 90 122 92
113 89 118 90
116 100 127 100
119 242 124 243
114 244 119 245
119 24 130 24
114 31 119 32
120 53 131 53
118 52 129 52
118 54 129 54
113 78 124 78
113 237 124 237
118 29 129 29
114 139 125 139
115 176 126 176
121 177 126 178
109 249 120 249
116 247 121 248
115 58 126 58
110 64 121 64
115 63 126 63
124 64 135 64
115 65 126 65
123 91 128 92
123 116 134 116
124 145 135 145
121 141 123 144
123 146 128 147
112 210 123 210
116 212 127 212
121 249 132 249
115 71 126 71
118 98 123 99
125 143 136 143
124 141 129 142
120 199 131 199
113 16 124 16
126 31 128 34
120 31 125 32
114 74 125 74
118 84 129 84
125 85 130 86
118 201 129 201
126 10 127 15
121 44 132 44
127 70 132 71
121 69 132 69
119 89 130 89
121 107 126 108
121 110 126 111
128 41 139 41
127 42 132 43
115 73 126 73
124 72 135 72
115 106 126 106
118 175 129 175
124 241 135 241
129 111 140 111
127 107 129 110
125 112 136 112
127 177 132 178
130 83 135 84
130 106 141 106
121 105 132 105
117 169 128 169
126 9 137 9
125 45 130 46
130 48 141 48
129 160 131 163
126 168 137 168
128 171 130 174
129 184 134 185
127 193 132 194
127 196 132 197
118 246 129 246
122 247 133 247
131 21 142 21
120 23 131 23
127 73 130 75
132 163 137 164
130 165 133 167
121 170 132 170
129 176 140 176
130 187 141 187
121 219 132 219
126 221 137 221
132 246 143 246
126 244 131 245
120 1 131 1
133 13 136 15
130 11 132 14
127 16 138 16
127 18 138 18
132 73 137 74
127 76 138 76
133 186 144 186
133 219 138 220
124 37 135 37
133 196 144 196
135 35 146 35
132 31 134 34
134 36 145 36
135 197 140 198
123 198 134 198
133 77 135 80
136 114 141 115
136 204 147 204
127 205 138 205
136 249 147 249
134 247 139 248
137 37 148 37
135 185 146 185
137 241 140 243
128 240 139 240
137 42 142 43
135 45 138 47
136 83 141 84
131 85 136 86
137 181 140 183
139 44 141 47
127 65 138 65
139 65 142 67
128 212 139 212
137 233 148 233
133 11 138 12
140 11 145 12
136 77 147 77
134 171 145 171
140 213 151 213
138 214 143 215
138 230 149 230
136 26 141 27
133 75 144 75
140 165 141 170
132 238 143 238
141 13 146 14
130 29 141 29
141 90 146 91
139 107 141 110
137 112 148 112
140 163 151 163
132 53 143 53
138 122 143 123
143 141 148 142
133 140 144 140
142 164 147 165
143 166 148 167
142 168 145 170
144 39 146 42
137 125 148 125
131 156 142 156
141 153 144 155
144 234 147 236
140 235 143 237
144 73 155 73
142 48 153 48
146 49 151 50
142 51 153 51
145 153 148 155
139 231 144 232
147 35 152 36
145 78 148 80
147 100 152 101
147 178 150 180
145 177 156 177
145 82 156 82
148 93 159 93
147 159 158 159
138 184 149 184
144 238 155 238
146 102 148 105
142 117 153 117
145 128 150 129
138 221 149 221
144 225 155 225
149 226 154 227
146 228 151 229
144 244 147 246
146 247 151 248
150 57 161 57
147 55 152 56
137 69 148 69
146 68 157 68
148 91 153 92
149 152 152 154
149 166 160 166
139 205 150 205
145 207 150 208
151 87 153 90
147 87 150 89
141 133 152 133
144 134 149 135
151 155 156 156
145 157 156 157
151 219 154 221
145 219 150 220
149 17 152 19
149 125 152 127
142 201 153 201
145 231 150 232
150 230 161 230
152 231 157 232
149 233 160 233
142 15 153 15
153 96 154 101
151 129 162 129
149 146 152 148
152 150 157 151
150 167 152 170
152 246 157 247
141 5 152 5
153 16 156 18
141 76 152 76
149 104 160 104
147 197 152 198
155 4 160 5
143 4 154 4
146 6 157 6
155 19 160 20
155 51 160 52
152 49 157 50
151 75 162 75
154 217 165 217
151 241 153 244
155 31 157 34
149 106 160 106
156 201 167 201
152 202 157 203
157 53 168 53
147 54 158 54
150 139 161 139
157 167 159 170
153 167 156 169
153 171 164 171
144 199 155 199
154 234 156 237
154 241 157 243
153 245 164 245
158 33 160 36
149 37 160 37
145 81 156 81
154 83 159 84
154 179 156 182
151 178 162 178
157 180 168 180
145 186 156 186
158 188 163 189
153 198 164 198
152 200 163 200
158 11 169 11
154 48 165 48
146 61 157 61
154 108 159 109
148 111 159 111
155 227 166 227
157 62 162 63
158 82 169 82
160 229 171 229
159 228 170 228
151 1 162 1
155 76 166 76
153 80 164 80
149 222 160 222
150 69 161 69
160 72 171 72
159 78 164 79
154 117 165 117
150 185 161 185
157 223 160 225
162 224 167 225
155 226 166 226
161 52 172 52
160 113 163 115
157 138 168 138
150 184 161 184
161 183 172 183
164 27 175 27
161 24 164 26
153 128 164 128
164 151 169 152
151 190 162 190
164 189 169 190
163 191 165 194
162 39 165 41
158 50 169 50
162 185 173 185
154 187 165 187
153 28 164 28
165 29 170 30
166 39 168 42
157 130 168 130
166 186 171 187
167 15 178 15
165 13 170 14
163 16 168 17
162 22 167 23
154 90 165 90
158 89 169 89
154 105 165 105
156 107 167 107
160 108 165 109
159 110 170 110
167 160 168 165
161 166 172 166
164 246 175 246
168 22 171 24
165 25 170 26
161 45 172 45
168 46 173 47
162 77 173 77
165 102 168 104
163 7 174 7
168 8 173 9
162 70 167 71
169 74 172 76
166 84 177 84
156 199 167 199
164 200 175 200
156 209 167 209
166 205 168 208
169 34 174 35
159 38 170 38
169 40 172 42
168 71 179 71
170 96 181 96
170 97 181 97
169 99 180 99
169 191 174 192
166 197 171 198
166 210 177 210
161 233 172 233
157 244 168 244
167 245 178 245
171 18 182 18
169 16 174 17
167 19 172 20
171 38 176 39
165 51 176 51
161 2 172 2
161 4 172 4
169 85 180 85
164 87 175 87
160 159 171 159
167 181 178 181
169 207 174 208
173 64 178 65
173 70 184 70
162 69 173 69
167 108 172 109
172 111 183 111
161 106 172 106
171 105 182 105
169 107 180 107
169 173 172 175
162 57 173 57
173 76 184 76
165 78 176 78
173 174 178 175
170 231 175 232
163 58 174 58
176 58 187 58
176 173 187 173
173 183 184 183
174 185 185 185
170 189 175 190
176 233 187 233
170 234 181 234
173 2 175 5
174 31 185 31
174 123 185 123
168 201 179 201
178 128 183 129
176 133 178 136
172 186 177 187
167 226 178 226
176 91 179 93
171 121 182 121
175 205 177 208
176 2 179 4
170 6 181 6
170 89 181 89
175 192 186 192
178 205 181 207
181 137 186 138
179 133 181 136
169 138 180 138
181 191 192 191
181 208 192 208
172 209 183 209
180 220 185 221
176 223 181 224
182 234 187 235
176 236 187 236
172 86 183 86
184 85 195 85
178 83 183 84
184 110 189 111
181 107 184 109
184 197 187 199
178 197 183 198
176 200 187 200
182 205 185 207
186 45 189 47
181 44 192 44
186 69 191 70
174 69 185 69
180 71 191 71
173 72 184 72
186 204 188 207
177 203 188 203
186 229 191 230
187 33 190 35
183 66 188 67
186 3 191 4
181 53 192 53
183 54 186 56
187 57 198 57
188 249 199 249
187 246 190 248
189 54 192 56
185 74 188 76
176 184 187 184
177 32 188 32
190 95 192 98
179 94 190 94
191 32 192 37
186 31 197 31
188 21 191 23
188 24 190 27
191 42 196 43
191 78 193 81
193 94 194 99
189 107 192 109
185 112 196 112
191 175 193 178
192 73 194 76
194 174 197 176
188 173 199 173
194 196 195 201
193 202 196 204
193 16 198 17
191 26 194 28
195 27 197 30
196 146 198 149
192 146 195 148
195 150 198 152
190 164 195 165
193 214 195 217
196 214 197 219
185 40 196 40
197 65 199 68
193 66 196 68
194 12 197 14
198 72 199 77
195 73 197 76
196 78 199 80
199 16 199 27
198 82 199 87
187 116 198 116
199 128 199 139
198 118 198 129
198 225 199 230
198 9 199 14
198 219 199 224